The master node of this job is compute-1-31.local
The working directory is /home/lscheuch/project/testcases_fsi
This job runs on the following nodes:
compute-1-31 compute-1-31 compute-1-31 compute-1-31 compute-1-31 compute-1-31 compute-1-31 compute-1-31 compute-1-31 compute-1-31 compute-1-31 compute-1-31 compute-1-31 compute-1-31 compute-1-31 compute-1-31 compute-1-30 compute-1-30 compute-1-30 compute-1-30 compute-1-30 compute-1-30 compute-1-30 compute-1-30 compute-1-30 compute-1-30 compute-1-30 compute-1-30 compute-1-30 compute-1-30 compute-1-30 compute-1-30 compute-1-29 compute-1-29 compute-1-29 compute-1-29 compute-1-29 compute-1-29 compute-1-29 compute-1-29 compute-1-29 compute-1-29 compute-1-29 compute-1-29 compute-1-29 compute-1-29 compute-1-29 compute-1-29 compute-1-28 compute-1-28 compute-1-28 compute-1-28 compute-1-28 compute-1-28 compute-1-28 compute-1-28 compute-1-28 compute-1-28 compute-1-28 compute-1-28 compute-1-28 compute-1-28 compute-1-28 compute-1-28 compute-1-27 compute-1-27 compute-1-27 compute-1-27 compute-1-27 compute-1-27 compute-1-27 compute-1-27 compute-1-27 compute-1-27 compute-1-27 compute-1-27 compute-1-27 compute-1-27 compute-1-27 compute-1-27 compute-1-26 compute-1-26 compute-1-26 compute-1-26 compute-1-26 compute-1-26 compute-1-26 compute-1-26 compute-1-26 compute-1-26 compute-1-26 compute-1-26 compute-1-26 compute-1-26 compute-1-26 compute-1-26 compute-1-25 compute-1-25 compute-1-25 compute-1-25 compute-1-25 compute-1-25 compute-1-25 compute-1-25 compute-1-25 compute-1-25 compute-1-25 compute-1-25 compute-1-25 compute-1-25 compute-1-25 compute-1-25 compute-1-24 compute-1-24 compute-1-24 compute-1-24 compute-1-24 compute-1-24 compute-1-24 compute-1-24 compute-1-24 compute-1-24 compute-1-24 compute-1-24 compute-1-24 compute-1-24 compute-1-24 compute-1-24
 ... Reading nodes from cluster 1
 ... Number of nodes (including overlap) = 2478
 ... Number of nodes = 2478
 ... Number of input result(s) = 2
 ... Number of output result(s) = 2
 ... Processing result 1 with tag 0    
 ... Processing result 2 with tag 0.00159997    

 ... Reading nodes from cluster 1
 ... Number of nodes (including overlap) = 2478
 ... Number of nodes = 2478
 ... Number of input result(s) = 2
 ... Number of output result(s) = 2
 ... Processing result 1 with tag 0    
 ... Processing result 2 with tag 0.00159997    

 ... Reading nodes from cluster 1
 ... Number of nodes (including overlap) = 2478
 ... Number of nodes = 2478
 ... Number of input result(s) = 2
 ... Number of output result(s) = 2
 ... Processing result 1 with tag 0    
 ... Processing result 2 with tag 0.00159997    

 ... Reading nodes from cluster 1
 ... Number of nodes (including overlap) = 2478
 ... Number of nodes = 2478
 ... Number of input result(s) = 2
 ... Number of output result(s) = 2
 ... Processing result 1 with tag 0    
 ... Processing result 2 with tag 0.00159997    

